<?xml version="1.0" encoding="UTF-8"?>
<!-- Generated by org.testng.reporters.JUnitReportReporter -->
<testsuite skipped="0" hostname="BDC7-D-FNZXQG2" name="test123.hdfc" tests="1" failures="0" timestamp="19 May 2018 06:00:12 GMT" time="52.328" errors="0">
  <testcase name="testhdfc" time="52.328" classname="test123.hdfc"/>
</testsuite> <!-- test123.hdfc -->
