<?xml version="1.0" encoding="UTF-8"?>
<!-- Generated by org.testng.reporters.JUnitReportReporter -->
<testsuite skipped="0" hostname="BDC7-D-FNZXQG2" name="test123.newtest3" tests="3" failures="0" timestamp="20 May 2018 06:12:50 GMT" time="12.863" errors="0">
  <testcase name="testMercuryToursWelcome" time="5.286" classname="test123.newtest3"/>
  <testcase name="testMercuryToursRegister" time="3.691" classname="test123.newtest3"/>
  <testcase name="testMercuryToursLogin" time="3.886" classname="test123.newtest3"/>
</testsuite> <!-- test123.newtest3 -->
